<?xml version="1.0" encoding="UTF-8"?>
<!-- Generated by org.testng.reporters.JUnitReportReporter -->
<testsuite hostname="LAPTOP-SRB3U688" failures="0" tests="7" name="com.flipkart.testscenarios.PlaceOrder" time="11.330" errors="0" timestamp="2022-07-08T15:24:32 IST" skipped="0">
  <testcase classname="com.flipkart.testscenarios.PlaceOrder" name="seachProductTest" time="0.003"/>
  <system-out/>
  <testcase classname="com.flipkart.testscenarios.PlaceOrder" name="addToCartTest" time="0.005"/>
  <system-out/>
  <testcase classname="com.flipkart.testscenarios.PlaceOrder" name="logoutTest" time="0.007"/>
  <system-out/>
  <testcase classname="com.flipkart.testscenarios.PlaceOrder" name="loginTest" time="11.304"/>
  <system-out/>
  <testcase classname="com.flipkart.testscenarios.PlaceOrder" name="placeOrderTest" time="0.007"/>
  <system-out/>
  <testcase classname="com.flipkart.testscenarios.PlaceOrder" name="makePayment" time="0.003"/>
  <system-out/>
  <testcase classname="com.flipkart.testscenarios.PlaceOrder" name="selectProductTest" time="0.001"/>
  <system-out/>
</testsuite> <!-- com.flipkart.testscenarios.PlaceOrder -->
